error: uncaughtException: Please install pg package manually
Error: Please install pg package manually
    at ConnectionManager._loadDialectModule (/home/user/User_Express_project/UserApiProject/node_modules/sequelize/src/dialects/abstract/connection-manager.js:81:15)
    at new ConnectionManager (/home/user/User_Express_project/UserApiProject/node_modules/sequelize/src/dialects/postgres/connection-manager.js:18:24)
    at new PostgresDialect (/home/user/User_Express_project/UserApiProject/node_modules/sequelize/src/dialects/postgres/index.js:15:30)
    at new Sequelize (/home/user/User_Express_project/UserApiProject/node_modules/sequelize/src/sequelize.js:368:20)
    at Object.<anonymous> (/home/user/User_Express_project/UserApiProject/src/config/database.js:25:19)
    at Module._compile (internal/modules/cjs/loader.js:999:30)
    at Module._compile (/home/user/User_Express_project/UserApiProject/node_modules/pirates/lib/index.js:117:24)
    at Module._extensions..js (internal/modules/cjs/loader.js:1027:10)
    at Object.newLoader [as .js] (/home/user/User_Express_project/UserApiProject/node_modules/pirates/lib/index.js:121:7)
    at Module.load (internal/modules/cjs/loader.js:863:32) {"date":"Sat Jul 13 2024 09:43:50 GMT+0530 (India Standard Time)","error":{},"exception":true,"os":{"loadavg":[0.74,0.55,0.6],"uptime":67507.14},"process":{"argv":["node","/home/user/User_Express_project/UserApiProject/src/index.js"],"cwd":"/home/user/User_Express_project/UserApiProject","execPath":"/usr/bin/node","gid":1000,"memoryUsage":{"arrayBuffers":977550,"external":2955437,"heapTotal":82993152,"heapUsed":63045440,"rss":135065600},"pid":23529,"uid":1000,"version":"v12.22.9"},"stack":"Error: Please install pg package manually\n    at ConnectionManager._loadDialectModule (/home/user/User_Express_project/UserApiProject/node_modules/sequelize/src/dialects/abstract/connection-manager.js:81:15)\n    at new ConnectionManager (/home/user/User_Express_project/UserApiProject/node_modules/sequelize/src/dialects/postgres/connection-manager.js:18:24)\n    at new PostgresDialect (/home/user/User_Express_project/UserApiProject/node_modules/sequelize/src/dialects/postgres/index.js:15:30)\n    at new Sequelize (/home/user/User_Express_project/UserApiProject/node_modules/sequelize/src/sequelize.js:368:20)\n    at Object.<anonymous> (/home/user/User_Express_project/UserApiProject/src/config/database.js:25:19)\n    at Module._compile (internal/modules/cjs/loader.js:999:30)\n    at Module._compile (/home/user/User_Express_project/UserApiProject/node_modules/pirates/lib/index.js:117:24)\n    at Module._extensions..js (internal/modules/cjs/loader.js:1027:10)\n    at Object.newLoader [as .js] (/home/user/User_Express_project/UserApiProject/node_modules/pirates/lib/index.js:121:7)\n    at Module.load (internal/modules/cjs/loader.js:863:32)","trace":[{"column":15,"file":"/home/user/User_Express_project/UserApiProject/node_modules/sequelize/src/dialects/abstract/connection-manager.js","function":"ConnectionManager._loadDialectModule","line":81,"method":"_loadDialectModule","native":false},{"column":24,"file":"/home/user/User_Express_project/UserApiProject/node_modules/sequelize/src/dialects/postgres/connection-manager.js","function":"new ConnectionManager","line":18,"method":null,"native":false},{"column":30,"file":"/home/user/User_Express_project/UserApiProject/node_modules/sequelize/src/dialects/postgres/index.js","function":"new PostgresDialect","line":15,"method":null,"native":false},{"column":20,"file":"/home/user/User_Express_project/UserApiProject/node_modules/sequelize/src/sequelize.js","function":"new Sequelize","line":368,"method":null,"native":false},{"column":19,"file":"/home/user/User_Express_project/UserApiProject/src/config/database.js","function":null,"line":25,"method":null,"native":false},{"column":30,"file":"internal/modules/cjs/loader.js","function":"Module._compile","line":999,"method":"_compile","native":false},{"column":24,"file":"/home/user/User_Express_project/UserApiProject/node_modules/pirates/lib/index.js","function":"Module._compile","line":117,"method":"_compile","native":false},{"column":10,"file":"internal/modules/cjs/loader.js","function":"Module._extensions..js","line":1027,"method":".js","native":false},{"column":7,"file":"/home/user/User_Express_project/UserApiProject/node_modules/pirates/lib/index.js","function":"Object.newLoader [as .js]","line":121,"method":"js]","native":false},{"column":32,"file":"internal/modules/cjs/loader.js","function":"Module.load","line":863,"method":"load","native":false}]}
info: ::1 - - [13/Jul/2024:04:46:03 +0000] "GET /api/v1/ HTTP/1.1" 200 9 "-" "PostmanRuntime/7.39.0"

info: ::1 - - [13/Jul/2024:04:46:35 +0000] "GET /api/v1/ HTTP/1.1" 200 29 "-" "PostmanRuntime/7.39.0"

info: ::1 - - [13/Jul/2024:04:47:34 +0000] "GET /api/v1/users HTTP/1.1" 200 65 "-" "PostmanRuntime/7.39.0"

info: ::1 - - [13/Jul/2024:05:19:59 +0000] "GET /api/v1/users HTTP/1.1" 200 112 "-" "PostmanRuntime/7.39.0"

info: ::1 - - [13/Jul/2024:05:20:05 +0000] "GET /api/v1/users HTTP/1.1" 200 112 "-" "PostmanRuntime/7.39.0"

info: ::1 - - [13/Jul/2024:05:20:29 +0000] "GET /api/v1/users HTTP/1.1" 200 112 "-" "PostmanRuntime/7.39.0"

info: ::1 - - [13/Jul/2024:05:20:53 +0000] "GET /api/v1/users HTTP/1.1" 200 112 "-" "PostmanRuntime/7.39.0"

info: ::1 - - [13/Jul/2024:05:22:19 +0000] "GET /api/v1/users HTTP/1.1" 404 49 "-" "PostmanRuntime/7.39.0"

info: ::1 - - [13/Jul/2024:07:15:16 +0000] "POST /api/v1/ HTTP/1.1" 404 47 "-" "PostmanRuntime/7.39.0"

info: ::1 - - [13/Jul/2024:07:15:41 +0000] "POST /api/v1/ HTTP/1.1" 404 47 "-" "PostmanRuntime/7.39.0"

info: ::1 - - [13/Jul/2024:07:16:09 +0000] "GET /api/v1/ HTTP/1.1" 200 29 "-" "Mozilla/5.0 (X11; Linux x86_64) AppleWebKit/537.36 (KHTML, like Gecko) Chrome/126.0.0.0 Safari/537.36"

info: ::1 - - [13/Jul/2024:07:16:09 +0000] "GET /favicon.ico HTTP/1.1" 404 47 "-" "Mozilla/5.0 (X11; Linux x86_64) AppleWebKit/537.36 (KHTML, like Gecko) Chrome/126.0.0.0 Safari/537.36"

info: ::1 - - [13/Jul/2024:07:16:19 +0000] "POST /api/v1 HTTP/1.1" 404 47 "-" "PostmanRuntime/7.39.0"

info: ::1 - - [13/Jul/2024:07:16:26 +0000] "GET /api/v1 HTTP/1.1" 200 29 "-" "PostmanRuntime/7.39.0"

info: ::1 - - [13/Jul/2024:07:16:32 +0000] "GET /api/v1/users HTTP/1.1" 404 49 "-" "PostmanRuntime/7.39.0"

info: ::1 - - [13/Jul/2024:07:17:04 +0000] "POST /api/v1/users HTTP/1.1" 500 60 "-" "PostmanRuntime/7.39.0"

info: ::1 - - [13/Jul/2024:07:17:43 +0000] "POST /api/v1/users HTTP/1.1" 500 56 "-" "PostmanRuntime/7.39.0"

info: ::1 - - [13/Jul/2024:07:18:04 +0000] "POST /api/v1/users HTTP/1.1" 500 59 "-" "PostmanRuntime/7.39.0"

info: ::1 - - [13/Jul/2024:07:18:33 +0000] "POST /api/v1/users HTTP/1.1" 201 288 "-" "PostmanRuntime/7.39.0"

info: ::1 - - [13/Jul/2024:07:18:57 +0000] "POST /api/v1/users HTTP/1.1" 201 112 "-" "PostmanRuntime/7.39.0"

info: ::1 - - [13/Jul/2024:07:19:16 +0000] "POST /api/v1/users HTTP/1.1" 201 112 "-" "PostmanRuntime/7.39.0"

info: ::1 - - [13/Jul/2024:07:21:28 +0000] "GET /api/v1/users HTTP/1.1" 200 250 "-" "PostmanRuntime/7.39.0"

info: ::1 - - [13/Jul/2024:07:24:05 +0000] "POST /api/v1/users HTTP/1.1" 500 60 "-" "PostmanRuntime/7.39.0"

info: ::1 - - [13/Jul/2024:07:24:21 +0000] "GET /api/v1/ HTTP/1.1" 200 29 "-" "PostmanRuntime/7.39.0"

info: ::1 - - [13/Jul/2024:07:24:42 +0000] "GET /api/v1/users HTTP/1.1" 200 250 "-" "PostmanRuntime/7.39.0"

info: ::1 - - [13/Jul/2024:07:24:53 +0000] "POST /api/v1/users HTTP/1.1" 201 231 "-" "PostmanRuntime/7.39.0"

info: ::1 - - [13/Jul/2024:07:25:32 +0000] "GET /api/v1/users/2 HTTP/1.1" 400 56 "-" "PostmanRuntime/7.39.0"

info: ::1 - - [13/Jul/2024:07:25:47 +0000] "PUT /api/v1/users/8 HTTP/1.1" 202 125 "-" "PostmanRuntime/7.39.0"

info: ::1 - - [13/Jul/2024:07:26:07 +0000] "DELETE /api/v1/users/10 HTTP/1.1" 200 60 "-" "PostmanRuntime/7.39.0"

info: ::1 - - [13/Jul/2024:07:26:15 +0000] "GET /api/v1/users HTTP/1.1" 200 424 "-" "PostmanRuntime/7.39.0"

info: ::1 - - [13/Jul/2024:08:45:19 +0000] "GET /api/v1/users HTTP/1.1" 200 424 "-" "PostmanRuntime/7.39.0"

info: ::1 - - [13/Jul/2024:08:51:54 +0000] "POST /api/v1/users HTTP/1.1" 201 231 "-" "PostmanRuntime/7.39.0"

info: ::1 - - [13/Jul/2024:08:52:26 +0000] "GET /api/v1/users HTTP/1.1" 200 598 "-" "PostmanRuntime/7.39.0"

info: ::1 - - [13/Jul/2024:08:53:59 +0000] "POST /api/v1/users HTTP/1.1" 201 231 "-" "PostmanRuntime/7.39.0"

info: ::1 - - [13/Jul/2024:08:57:54 +0000] "POST /api/v1/users HTTP/1.1" 201 112 "-" "PostmanRuntime/7.39.0"

info: ::1 - - [13/Jul/2024:09:01:54 +0000] "POST /api/v1/users HTTP/1.1" 201 112 "-" "PostmanRuntime/7.39.0"

info: ::1 - - [13/Jul/2024:12:43:09 +0000] "POST /api/v1/users HTTP/1.1" 201 112 "-" "PostmanRuntime/7.39.0"

info: ::1 - - [13/Jul/2024:12:43:44 +0000] "POST /api/v1/users HTTP/1.1" 201 112 "-" "PostmanRuntime/7.39.0"

info: ::1 - - [13/Jul/2024:12:44:13 +0000] "POST /api/v1/users HTTP/1.1" 201 112 "-" "PostmanRuntime/7.39.0"

info: ::1 - - [13/Jul/2024:12:46:00 +0000] "POST /api/v1/users HTTP/1.1" 201 112 "-" "PostmanRuntime/7.39.0"

info: ::1 - - [13/Jul/2024:12:46:56 +0000] "POST /api/v1/users HTTP/1.1" 201 112 "-" "PostmanRuntime/7.39.0"

info: ::1 - - [13/Jul/2024:12:47:06 +0000] "GET /api/v1/users HTTP/1.1" 200 772 "-" "PostmanRuntime/7.39.0"

info: ::1 - - [13/Jul/2024:12:57:10 +0000] "GET /api/v1/ HTTP/1.1" 200 29 "-" "PostmanRuntime/7.39.0"

info: ::1 - - [13/Jul/2024:12:57:13 +0000] "GET /api/v1/users HTTP/1.1" 200 772 "-" "PostmanRuntime/7.39.0"

info: ::1 - - [13/Jul/2024:12:57:19 +0000] "POST /api/v1/users HTTP/1.1" 201 54 "-" "PostmanRuntime/7.39.0"

info: ::1 - - [13/Jul/2024:13:04:43 +0000] "POST /api/v1/users HTTP/1.1" 501 54 "-" "PostmanRuntime/7.39.0"

info: ::1 - - [13/Jul/2024:13:04:54 +0000] "GET /api/v1/users HTTP/1.1" 200 772 "-" "PostmanRuntime/7.39.0"

info: ::1 - - [13/Jul/2024:13:05:04 +0000] "GET /api/v1/users/2 HTTP/1.1" 200 239 "-" "PostmanRuntime/7.39.0"

info: ::1 - - [13/Jul/2024:13:05:12 +0000] "PUT /api/v1/users/8 HTTP/1.1" 404 49 "-" "PostmanRuntime/7.39.0"

info: ::1 - - [13/Jul/2024:13:05:18 +0000] "PUT /api/v1/users/2 HTTP/1.1" 200 240 "-" "PostmanRuntime/7.39.0"

info: ::1 - - [13/Jul/2024:13:05:28 +0000] "GET /api/v1/users HTTP/1.1" 200 775 "-" "PostmanRuntime/7.39.0"

info: ::1 - - [13/Jul/2024:13:05:39 +0000] "DELETE /api/v1/users/2 HTTP/1.1" 200 61 "-" "PostmanRuntime/7.39.0"

info: ::1 - - [13/Jul/2024:13:05:42 +0000] "DELETE /api/v1/users/2 HTTP/1.1" 404 48 "-" "PostmanRuntime/7.39.0"

info: ::1 - - [13/Jul/2024:13:05:44 +0000] "DELETE /api/v1/users/2 HTTP/1.1" 404 48 "-" "PostmanRuntime/7.39.0"

