info: ::1 - - [13/Jul/2024:04:46:03 +0000] "GET /api/v1/ HTTP/1.1" 200 9 "-" "PostmanRuntime/7.39.0"

info: ::1 - - [13/Jul/2024:04:46:35 +0000] "GET /api/v1/ HTTP/1.1" 200 29 "-" "PostmanRuntime/7.39.0"

info: ::1 - - [13/Jul/2024:04:47:34 +0000] "GET /api/v1/users HTTP/1.1" 200 65 "-" "PostmanRuntime/7.39.0"

info: ::1 - - [13/Jul/2024:05:19:59 +0000] "GET /api/v1/users HTTP/1.1" 200 112 "-" "PostmanRuntime/7.39.0"

info: ::1 - - [13/Jul/2024:05:20:05 +0000] "GET /api/v1/users HTTP/1.1" 200 112 "-" "PostmanRuntime/7.39.0"

info: ::1 - - [13/Jul/2024:05:20:29 +0000] "GET /api/v1/users HTTP/1.1" 200 112 "-" "PostmanRuntime/7.39.0"

info: ::1 - - [13/Jul/2024:05:20:53 +0000] "GET /api/v1/users HTTP/1.1" 200 112 "-" "PostmanRuntime/7.39.0"

info: ::1 - - [13/Jul/2024:05:22:19 +0000] "GET /api/v1/users HTTP/1.1" 404 49 "-" "PostmanRuntime/7.39.0"

info: ::1 - - [13/Jul/2024:07:15:16 +0000] "POST /api/v1/ HTTP/1.1" 404 47 "-" "PostmanRuntime/7.39.0"

info: ::1 - - [13/Jul/2024:07:15:41 +0000] "POST /api/v1/ HTTP/1.1" 404 47 "-" "PostmanRuntime/7.39.0"

info: ::1 - - [13/Jul/2024:07:16:09 +0000] "GET /api/v1/ HTTP/1.1" 200 29 "-" "Mozilla/5.0 (X11; Linux x86_64) AppleWebKit/537.36 (KHTML, like Gecko) Chrome/126.0.0.0 Safari/537.36"

info: ::1 - - [13/Jul/2024:07:16:09 +0000] "GET /favicon.ico HTTP/1.1" 404 47 "-" "Mozilla/5.0 (X11; Linux x86_64) AppleWebKit/537.36 (KHTML, like Gecko) Chrome/126.0.0.0 Safari/537.36"

info: ::1 - - [13/Jul/2024:07:16:19 +0000] "POST /api/v1 HTTP/1.1" 404 47 "-" "PostmanRuntime/7.39.0"

info: ::1 - - [13/Jul/2024:07:16:26 +0000] "GET /api/v1 HTTP/1.1" 200 29 "-" "PostmanRuntime/7.39.0"

info: ::1 - - [13/Jul/2024:07:16:32 +0000] "GET /api/v1/users HTTP/1.1" 404 49 "-" "PostmanRuntime/7.39.0"

info: ::1 - - [13/Jul/2024:07:17:04 +0000] "POST /api/v1/users HTTP/1.1" 500 60 "-" "PostmanRuntime/7.39.0"

info: ::1 - - [13/Jul/2024:07:17:43 +0000] "POST /api/v1/users HTTP/1.1" 500 56 "-" "PostmanRuntime/7.39.0"

info: ::1 - - [13/Jul/2024:07:18:04 +0000] "POST /api/v1/users HTTP/1.1" 500 59 "-" "PostmanRuntime/7.39.0"

info: ::1 - - [13/Jul/2024:07:18:33 +0000] "POST /api/v1/users HTTP/1.1" 201 288 "-" "PostmanRuntime/7.39.0"

info: ::1 - - [13/Jul/2024:07:18:57 +0000] "POST /api/v1/users HTTP/1.1" 201 112 "-" "PostmanRuntime/7.39.0"

info: ::1 - - [13/Jul/2024:07:19:16 +0000] "POST /api/v1/users HTTP/1.1" 201 112 "-" "PostmanRuntime/7.39.0"

info: ::1 - - [13/Jul/2024:07:21:28 +0000] "GET /api/v1/users HTTP/1.1" 200 250 "-" "PostmanRuntime/7.39.0"

info: ::1 - - [13/Jul/2024:07:24:05 +0000] "POST /api/v1/users HTTP/1.1" 500 60 "-" "PostmanRuntime/7.39.0"

info: ::1 - - [13/Jul/2024:07:24:21 +0000] "GET /api/v1/ HTTP/1.1" 200 29 "-" "PostmanRuntime/7.39.0"

info: ::1 - - [13/Jul/2024:07:24:42 +0000] "GET /api/v1/users HTTP/1.1" 200 250 "-" "PostmanRuntime/7.39.0"

info: ::1 - - [13/Jul/2024:07:24:53 +0000] "POST /api/v1/users HTTP/1.1" 201 231 "-" "PostmanRuntime/7.39.0"

info: ::1 - - [13/Jul/2024:07:25:32 +0000] "GET /api/v1/users/2 HTTP/1.1" 400 56 "-" "PostmanRuntime/7.39.0"

info: ::1 - - [13/Jul/2024:07:25:47 +0000] "PUT /api/v1/users/8 HTTP/1.1" 202 125 "-" "PostmanRuntime/7.39.0"

info: ::1 - - [13/Jul/2024:07:26:07 +0000] "DELETE /api/v1/users/10 HTTP/1.1" 200 60 "-" "PostmanRuntime/7.39.0"

info: ::1 - - [13/Jul/2024:07:26:15 +0000] "GET /api/v1/users HTTP/1.1" 200 424 "-" "PostmanRuntime/7.39.0"

info: ::1 - - [13/Jul/2024:08:45:19 +0000] "GET /api/v1/users HTTP/1.1" 200 424 "-" "PostmanRuntime/7.39.0"

info: ::1 - - [13/Jul/2024:08:51:54 +0000] "POST /api/v1/users HTTP/1.1" 201 231 "-" "PostmanRuntime/7.39.0"

info: ::1 - - [13/Jul/2024:08:52:26 +0000] "GET /api/v1/users HTTP/1.1" 200 598 "-" "PostmanRuntime/7.39.0"

info: ::1 - - [13/Jul/2024:08:53:59 +0000] "POST /api/v1/users HTTP/1.1" 201 231 "-" "PostmanRuntime/7.39.0"

info: ::1 - - [13/Jul/2024:08:57:54 +0000] "POST /api/v1/users HTTP/1.1" 201 112 "-" "PostmanRuntime/7.39.0"

info: ::1 - - [13/Jul/2024:09:01:54 +0000] "POST /api/v1/users HTTP/1.1" 201 112 "-" "PostmanRuntime/7.39.0"

info: ::1 - - [13/Jul/2024:12:43:09 +0000] "POST /api/v1/users HTTP/1.1" 201 112 "-" "PostmanRuntime/7.39.0"

info: ::1 - - [13/Jul/2024:12:43:44 +0000] "POST /api/v1/users HTTP/1.1" 201 112 "-" "PostmanRuntime/7.39.0"

info: ::1 - - [13/Jul/2024:12:44:13 +0000] "POST /api/v1/users HTTP/1.1" 201 112 "-" "PostmanRuntime/7.39.0"

info: ::1 - - [13/Jul/2024:12:46:00 +0000] "POST /api/v1/users HTTP/1.1" 201 112 "-" "PostmanRuntime/7.39.0"

info: ::1 - - [13/Jul/2024:12:46:56 +0000] "POST /api/v1/users HTTP/1.1" 201 112 "-" "PostmanRuntime/7.39.0"

info: ::1 - - [13/Jul/2024:12:47:06 +0000] "GET /api/v1/users HTTP/1.1" 200 772 "-" "PostmanRuntime/7.39.0"

info: ::1 - - [13/Jul/2024:12:57:10 +0000] "GET /api/v1/ HTTP/1.1" 200 29 "-" "PostmanRuntime/7.39.0"

info: ::1 - - [13/Jul/2024:12:57:13 +0000] "GET /api/v1/users HTTP/1.1" 200 772 "-" "PostmanRuntime/7.39.0"

info: ::1 - - [13/Jul/2024:12:57:19 +0000] "POST /api/v1/users HTTP/1.1" 201 54 "-" "PostmanRuntime/7.39.0"

info: ::1 - - [13/Jul/2024:13:04:43 +0000] "POST /api/v1/users HTTP/1.1" 501 54 "-" "PostmanRuntime/7.39.0"

info: ::1 - - [13/Jul/2024:13:04:54 +0000] "GET /api/v1/users HTTP/1.1" 200 772 "-" "PostmanRuntime/7.39.0"

info: ::1 - - [13/Jul/2024:13:05:04 +0000] "GET /api/v1/users/2 HTTP/1.1" 200 239 "-" "PostmanRuntime/7.39.0"

info: ::1 - - [13/Jul/2024:13:05:12 +0000] "PUT /api/v1/users/8 HTTP/1.1" 404 49 "-" "PostmanRuntime/7.39.0"

info: ::1 - - [13/Jul/2024:13:05:18 +0000] "PUT /api/v1/users/2 HTTP/1.1" 200 240 "-" "PostmanRuntime/7.39.0"

info: ::1 - - [13/Jul/2024:13:05:28 +0000] "GET /api/v1/users HTTP/1.1" 200 775 "-" "PostmanRuntime/7.39.0"

info: ::1 - - [13/Jul/2024:13:05:39 +0000] "DELETE /api/v1/users/2 HTTP/1.1" 200 61 "-" "PostmanRuntime/7.39.0"

info: ::1 - - [13/Jul/2024:13:05:42 +0000] "DELETE /api/v1/users/2 HTTP/1.1" 404 48 "-" "PostmanRuntime/7.39.0"

info: ::1 - - [13/Jul/2024:13:05:44 +0000] "DELETE /api/v1/users/2 HTTP/1.1" 404 48 "-" "PostmanRuntime/7.39.0"

